[INFO] [2017-06-26 15:49:16][org.springframework.test.context.support.DefaultTestContextBootstrapper]Loaded default TestExecutionListener class names from location [META-INF/spring.factories]: [org.springframework.test.context.web.ServletTestExecutionListener, org.springframework.test.context.support.DirtiesContextBeforeModesTestExecutionListener, org.springframework.test.context.support.DependencyInjectionTestExecutionListener, org.springframework.test.context.support.DirtiesContextTestExecutionListener, org.springframework.test.context.transaction.TransactionalTestExecutionListener, org.springframework.test.context.jdbc.SqlScriptsTestExecutionListener]
[INFO] [2017-06-26 15:49:16][org.springframework.test.context.support.DefaultTestContextBootstrapper]Could not instantiate TestExecutionListener [org.springframework.test.context.web.ServletTestExecutionListener]. Specify custom listener classes or make the default listener classes (and their required dependencies) available. Offending class: [javax/servlet/ServletContext]
[INFO] [2017-06-26 15:49:16][org.springframework.test.context.support.DefaultTestContextBootstrapper]Using TestExecutionListeners: [org.springframework.test.context.support.DirtiesContextBeforeModesTestExecutionListener@30b8a058, org.springframework.test.context.support.DependencyInjectionTestExecutionListener@7494e528, org.springframework.test.context.support.DirtiesContextTestExecutionListener@4bbfb90a, org.springframework.test.context.transaction.TransactionalTestExecutionListener@7c29daf3, org.springframework.test.context.jdbc.SqlScriptsTestExecutionListener@9660f4e]
[INFO] [2017-06-26 15:49:17][org.springframework.beans.factory.xml.XmlBeanDefinitionReader]Loading XML bean definitions from class path resource [spring/spring-beans.xml]
[INFO] [2017-06-26 15:49:17][org.springframework.beans.factory.xml.XmlBeanDefinitionReader]Loading XML bean definitions from class path resource [spring/spring-job.xml]
[INFO] [2017-06-26 15:49:17][org.springframework.beans.factory.xml.XmlBeanDefinitionReader]Loading XML bean definitions from class path resource [spring/spring-mybatis.xml]
[INFO] [2017-06-26 15:49:17][org.springframework.context.support.GenericApplicationContext]Refreshing org.springframework.context.support.GenericApplicationContext@bd8db5a: startup date [Mon Jun 26 15:49:17 CST 2017]; root of context hierarchy
[INFO] [2017-06-26 15:49:19][org.quartz.impl.StdSchedulerFactory]Using default implementation for ThreadExecutor
[INFO] [2017-06-26 15:49:19][org.quartz.core.SchedulerSignalerImpl]Initialized Scheduler Signaller of type: class org.quartz.core.SchedulerSignalerImpl
[INFO] [2017-06-26 15:49:19][org.quartz.core.QuartzScheduler]Quartz Scheduler v.2.2.1 created.
[INFO] [2017-06-26 15:49:20][org.springframework.scheduling.quartz.LocalDataSourceJobStore]Using db table-based data access locking (synchronization).
[INFO] [2017-06-26 15:49:20][org.springframework.scheduling.quartz.LocalDataSourceJobStore]JobStoreCMT initialized.
[INFO] [2017-06-26 15:49:20][org.quartz.core.QuartzScheduler]Scheduler meta-data: Quartz Scheduler (v2.2.1) 'ClusterScheduler' with instanceId 'PC-20161123LRRR1498463359659'
  Scheduler class: 'org.quartz.core.QuartzScheduler' - running locally.
  NOT STARTED.
  Currently in standby mode.
  Number of jobs executed: 0
  Using thread pool 'org.quartz.simpl.SimpleThreadPool' - with 20 threads.
  Using job-store 'org.springframework.scheduling.quartz.LocalDataSourceJobStore' - which supports persistence. and is clustered.

[INFO] [2017-06-26 15:49:20][org.quartz.impl.StdSchedulerFactory]Quartz scheduler 'ClusterScheduler' initialized from an externally provided properties instance.
[INFO] [2017-06-26 15:49:20][org.quartz.impl.StdSchedulerFactory]Quartz scheduler version: 2.2.1
[INFO] [2017-06-26 15:49:20][org.quartz.core.QuartzScheduler]JobFactory set to: com.xwke.spider.quartz.service.MyJobFactory@8e50104
[INFO] [2017-06-26 15:49:21][org.springframework.scheduling.concurrent.ThreadPoolTaskExecutor]Initializing ExecutorService  'threadPool2'
[INFO] [2017-06-26 15:49:21][com.xwke.spider.quartz.event.ScheduleJobInit]init
[INFO] [2017-06-26 15:49:21][com.xwke.spider.quartz.event.ScheduleJobInit]end
[INFO] [2017-06-26 15:49:21][org.springframework.context.support.DefaultLifecycleProcessor]Starting beans in phase 2147483647
[INFO] [2017-06-26 15:49:21][org.springframework.scheduling.quartz.SchedulerFactoryBean]Will start Quartz Scheduler [ClusterScheduler] in 30 seconds
[INFO] [2017-06-26 15:49:22][org.springframework.context.support.GenericApplicationContext]Closing org.springframework.context.support.GenericApplicationContext@bd8db5a: startup date [Mon Jun 26 15:49:17 CST 2017]; root of context hierarchy
[INFO] [2017-06-26 15:49:22][org.springframework.context.support.DefaultLifecycleProcessor]Stopping beans in phase 2147483647
[INFO] [2017-06-26 15:49:22][org.springframework.scheduling.concurrent.ThreadPoolTaskExecutor]Shutting down ExecutorService 'threadPool2'
[WARN] [2017-06-26 15:49:22][org.springframework.beans.factory.support.DisposableBeanAdapter]Invocation of destroy method 'close' failed on bean with name 'sqlSession': java.lang.UnsupportedOperationException: Manual close is not allowed over a Spring managed SqlSession
[INFO] [2017-06-26 15:49:22][org.springframework.scheduling.quartz.SchedulerFactoryBean]Shutting down Quartz Scheduler
[INFO] [2017-06-26 15:49:22][org.quartz.core.QuartzScheduler]Scheduler ClusterScheduler_$_PC-20161123LRRR1498463359659 shutting down.
[INFO] [2017-06-26 15:49:22][org.quartz.core.QuartzScheduler]Scheduler ClusterScheduler_$_PC-20161123LRRR1498463359659 paused.
[INFO] [2017-06-26 15:49:22][org.quartz.core.QuartzScheduler]Scheduler ClusterScheduler_$_PC-20161123LRRR1498463359659 shutdown complete.
